d:\123cr0007\ai\game\x64\debug\appframe.pdb
d:\123cr0007\ai\game\x64\debug\appframe.idb
d:\123cr0007\ai\appframe\x64\debug\vector3d.obj
d:\123cr0007\ai\appframe\x64\debug\mymath.obj
d:\123cr0007\ai\appframe\x64\debug\modeserver.obj
d:\123cr0007\ai\appframe\x64\debug\modebase.obj
d:\123cr0007\ai\appframe\x64\debug\gamepad.obj
d:\123cr0007\ai\appframe\x64\debug\collision.obj
d:\123cr0007\ai\appframe\x64\debug\cfile.obj
d:\123cr0007\ai\appframe\x64\debug\bone.obj
d:\123cr0007\ai\appframe\x64\debug\winmain.obj
d:\123cr0007\ai\appframe\x64\debug\applicationbase.obj
d:\123cr0007\ai\game\x64\debug\appframe.lib
d:\123cr0007\ai\appframe\x64\debug\appframe.tlog\cl.command.1.tlog
d:\123cr0007\ai\appframe\x64\debug\appframe.tlog\cl.items.tlog
d:\123cr0007\ai\appframe\x64\debug\appframe.tlog\cl.read.1.tlog
d:\123cr0007\ai\appframe\x64\debug\appframe.tlog\cl.write.1.tlog
d:\123cr0007\ai\appframe\x64\debug\appframe.tlog\lib-link.read.1.tlog
d:\123cr0007\ai\appframe\x64\debug\appframe.tlog\lib-link.write.1.tlog
d:\123cr0007\ai\appframe\x64\debug\appframe.tlog\lib.command.1.tlog
